<?xml version="1.0" encoding="UTF-8"?>
<coverage generated="1763403017521" clover="3.2.0">
  <project timestamp="1763403017522" name="All files">
    <metrics statements="177" coveredstatements="82" conditionals="101" coveredconditionals="14" methods="33" coveredmethods="11" elements="311" coveredelements="107" complexity="0" loc="177" ncloc="177" packages="5" files="9" classes="9"/>
    <package name="app">
      <metrics statements="4" coveredstatements="0" conditionals="0" coveredconditionals="0" methods="1" coveredmethods="0"/>
      <file name="layout.tsx" path="E:\TerraFusion-Valuator-Pro-Studio\frontend\valuator-studio\app\layout.tsx">
        <metrics statements="4" coveredstatements="0" conditionals="0" coveredconditionals="0" methods="1" coveredmethods="0"/>
        <line num="1" count="0" type="stmt"/>
        <line num="2" count="0" type="stmt"/>
        <line num="4" count="0" type="stmt"/>
        <line num="9" count="0" type="stmt"/>
      </file>
    </package>
    <package name="app.orders.[id]">
      <metrics statements="36" coveredstatements="0" conditionals="60" coveredconditionals="0" methods="8" coveredmethods="0"/>
      <file name="page-with-ai.tsx" path="E:\TerraFusion-Valuator-Pro-Studio\frontend\valuator-studio\app\orders\[id]\page-with-ai.tsx">
        <metrics statements="36" coveredstatements="0" conditionals="60" coveredconditionals="0" methods="8" coveredmethods="0"/>
        <line num="3" count="0" type="stmt"/>
        <line num="4" count="0" type="stmt"/>
        <line num="5" count="0" type="stmt"/>
        <line num="6" count="0" type="stmt"/>
        <line num="67" count="0" type="stmt"/>
        <line num="75" count="0" type="stmt"/>
        <line num="83" count="0" type="cond" truecount="0" falsecount="6"/>
        <line num="84" count="0" type="stmt"/>
        <line num="85" count="0" type="stmt"/>
        <line num="86" count="0" type="stmt"/>
        <line num="87" count="0" type="stmt"/>
        <line num="88" count="0" type="stmt"/>
        <line num="89" count="0" type="stmt"/>
        <line num="93" count="0" type="stmt"/>
        <line num="94" count="0" type="stmt"/>
        <line num="95" count="0" type="stmt"/>
        <line num="96" count="0" type="stmt"/>
        <line num="98" count="0" type="stmt"/>
        <line num="99" count="0" type="stmt"/>
        <line num="100" count="0" type="stmt"/>
        <line num="101" count="0" type="stmt"/>
        <line num="108" count="0" type="cond" truecount="0" falsecount="1"/>
        <line num="109" count="0" type="stmt"/>
        <line num="112" count="0" type="stmt"/>
        <line num="113" count="0" type="stmt"/>
        <line num="115" count="0" type="stmt"/>
        <line num="116" count="0" type="cond" truecount="0" falsecount="2"/>
        <line num="118" count="0" type="stmt"/>
        <line num="122" count="0" type="stmt"/>
        <line num="125" count="0" type="cond" truecount="0" falsecount="1"/>
        <line num="136" count="0" type="cond" truecount="0" falsecount="3"/>
        <line num="150" count="0" type="stmt"/>
        <line num="153" count="0" type="cond" truecount="0" falsecount="2"/>
        <line num="154" count="0" type="cond" truecount="0" falsecount="2"/>
        <line num="249" count="0" type="stmt"/>
        <line num="275" count="0" type="stmt"/>
      </file>
    </package>
    <package name="components">
      <metrics statements="98" coveredstatements="44" conditionals="36" coveredconditionals="12" methods="21" coveredmethods="8"/>
      <file name="AiIntegration.tsx" path="E:\TerraFusion-Valuator-Pro-Studio\frontend\valuator-studio\components\AiIntegration.tsx">
        <metrics statements="98" coveredstatements="44" conditionals="36" coveredconditionals="12" methods="21" coveredmethods="8"/>
        <line num="3" count="1" type="stmt"/>
        <line num="4" count="1" type="stmt"/>
        <line num="5" count="1" type="stmt"/>
        <line num="6" count="1" type="stmt"/>
        <line num="7" count="1" type="stmt"/>
        <line num="8" count="1" type="stmt"/>
        <line num="23" count="1" type="stmt"/>
        <line num="66" count="9" type="stmt"/>
        <line num="67" count="29" type="stmt"/>
        <line num="68" count="29" type="stmt"/>
        <line num="69" count="29" type="stmt"/>
        <line num="70" count="29" type="stmt"/>
        <line num="71" count="29" type="stmt"/>
        <line num="72" count="29" type="stmt"/>
        <line num="74" count="29" type="stmt"/>
        <line num="75" count="9" type="stmt"/>
        <line num="77" count="9" type="cond" truecount="2" falsecount="0"/>
        <line num="78" count="9" type="stmt"/>
        <line num="79" count="9" type="cond" truecount="1" falsecount="0"/>
        <line num="83" count="29" type="stmt"/>
        <line num="84" count="9" type="stmt"/>
        <line num="85" count="9" type="stmt"/>
        <line num="86" count="8" type="cond" truecount="1" falsecount="0"/>
        <line num="87" count="6" type="stmt"/>
        <line num="88" count="6" type="stmt"/>
        <line num="91" count="3" type="stmt"/>
        <line num="95" count="29" type="stmt"/>
        <line num="96" count="2" type="stmt"/>
        <line num="97" count="2" type="stmt"/>
        <line num="99" count="2" type="stmt"/>
        <line num="100" count="2" type="stmt"/>
        <line num="110" count="2" type="cond" truecount="0" falsecount="1"/>
        <line num="111" count="0" type="stmt"/>
        <line num="114" count="2" type="stmt"/>
        <line num="115" count="2" type="stmt"/>
        <line num="118" count="0" type="cond" truecount="0" falsecount="2"/>
        <line num="120" count="2" type="stmt"/>
        <line num="124" count="29" type="stmt"/>
        <line num="125" count="0" type="cond" truecount="0" falsecount="1"/>
        <line num="127" count="0" type="stmt"/>
        <line num="128" count="0" type="stmt"/>
        <line num="129" count="0" type="cond" truecount="0" falsecount="1"/>
        <line num="130" count="0" type="stmt"/>
        <line num="131" count="0" type="stmt"/>
        <line num="134" count="0" type="cond" truecount="0" falsecount="1"/>
        <line num="135" count="0" type="cond" truecount="0" falsecount="2"/>
        <line num="139" count="0" type="stmt"/>
        <line num="143" count="29" type="stmt"/>
        <line num="144" count="0" type="cond" truecount="0" falsecount="1"/>
        <line num="146" count="0" type="stmt"/>
        <line num="147" count="0" type="stmt"/>
        <line num="151" count="0" type="cond" truecount="0" falsecount="1"/>
        <line num="152" count="0" type="stmt"/>
        <line num="155" count="0" type="stmt"/>
        <line num="159" count="29" type="stmt"/>
        <line num="160" count="0" type="stmt"/>
        <line num="161" count="0" type="stmt"/>
        <line num="163" count="0" type="stmt"/>
        <line num="164" count="0" type="stmt"/>
        <line num="175" count="0" type="cond" truecount="0" falsecount="1"/>
        <line num="176" count="0" type="stmt"/>
        <line num="179" count="0" type="stmt"/>
        <line num="180" count="0" type="stmt"/>
        <line num="183" count="0" type="cond" truecount="0" falsecount="2"/>
        <line num="185" count="0" type="stmt"/>
        <line num="189" count="29" type="stmt"/>
        <line num="190" count="0" type="stmt"/>
        <line num="191" count="0" type="stmt"/>
        <line num="193" count="0" type="stmt"/>
        <line num="194" count="0" type="stmt"/>
        <line num="205" count="0" type="cond" truecount="0" falsecount="1"/>
        <line num="206" count="0" type="stmt"/>
        <line num="209" count="0" type="stmt"/>
        <line num="210" count="0" type="stmt"/>
        <line num="213" count="0" type="cond" truecount="0" falsecount="2"/>
        <line num="215" count="0" type="stmt"/>
        <line num="219" count="29" type="stmt"/>
        <line num="220" count="0" type="stmt"/>
        <line num="221" count="0" type="stmt"/>
        <line num="223" count="0" type="stmt"/>
        <line num="224" count="0" type="stmt"/>
        <line num="234" count="0" type="cond" truecount="0" falsecount="1"/>
        <line num="235" count="0" type="stmt"/>
        <line num="238" count="0" type="stmt"/>
        <line num="239" count="0" type="stmt"/>
        <line num="242" count="0" type="cond" truecount="0" falsecount="2"/>
        <line num="244" count="0" type="stmt"/>
        <line num="248" count="29" type="stmt"/>
        <line num="249" count="2" type="stmt"/>
        <line num="274" count="2" type="stmt"/>
        <line num="358" count="0" type="stmt"/>
        <line num="368" count="2" type="stmt"/>
        <line num="380" count="0" type="stmt"/>
        <line num="393" count="0" type="stmt"/>
        <line num="406" count="0" type="stmt"/>
        <line num="492" count="0" type="stmt"/>
        <line num="503" count="0" type="stmt"/>
        <line num="527" count="0" type="stmt"/>
      </file>
    </package>
    <package name="components.ui">
      <metrics statements="35" coveredstatements="34" conditionals="5" coveredconditionals="2" methods="2" coveredmethods="2"/>
      <file name="badge.tsx" path="E:\TerraFusion-Valuator-Pro-Studio\frontend\valuator-studio\components\ui\badge.tsx">
        <metrics statements="5" coveredstatements="5" conditionals="0" coveredconditionals="0" methods="1" coveredmethods="1"/>
        <line num="1" count="1" type="stmt"/>
        <line num="2" count="1" type="stmt"/>
        <line num="4" count="1" type="stmt"/>
        <line num="6" count="1" type="stmt"/>
        <line num="36" count="3" type="stmt"/>
      </file>
      <file name="button.tsx" path="E:\TerraFusion-Valuator-Pro-Studio\frontend\valuator-studio\components\ui\button.tsx">
        <metrics statements="9" coveredstatements="9" conditionals="3" coveredconditionals="2" methods="1" coveredmethods="1"/>
        <line num="1" count="1" type="stmt"/>
        <line num="2" count="1" type="stmt"/>
        <line num="3" count="1" type="stmt"/>
        <line num="5" count="1" type="stmt"/>
        <line num="7" count="1" type="stmt"/>
        <line num="42" count="1" type="stmt"/>
        <line num="44" count="49" type="cond" truecount="1" falsecount="1"/>
        <line num="54" count="1" type="stmt"/>
        <line num="56" count="88" type="stmt"/>
      </file>
      <file name="card.tsx" path="E:\TerraFusion-Valuator-Pro-Studio\frontend\valuator-studio\components\ui\card.tsx">
        <metrics statements="9" coveredstatements="9" conditionals="0" coveredconditionals="0" methods="0" coveredmethods="0"/>
        <line num="1" count="1" type="stmt"/>
        <line num="3" count="1" type="stmt"/>
        <line num="18" count="1" type="stmt"/>
        <line num="26" count="1" type="stmt"/>
        <line num="41" count="1" type="stmt"/>
        <line num="53" count="1" type="stmt"/>
        <line num="61" count="1" type="stmt"/>
        <line num="69" count="1" type="stmt"/>
        <line num="71" count="42" type="stmt"/>
      </file>
      <file name="progress.tsx" path="E:\TerraFusion-Valuator-Pro-Studio\frontend\valuator-studio\components\ui\progress.tsx">
        <metrics statements="4" coveredstatements="3" conditionals="2" coveredconditionals="0" methods="0" coveredmethods="0"/>
        <line num="1" count="1" type="stmt"/>
        <line num="3" count="1" type="stmt"/>
        <line num="25" count="1" type="stmt"/>
        <line num="27" count="0" type="stmt"/>
      </file>
      <file name="tabs.tsx" path="E:\TerraFusion-Valuator-Pro-Studio\frontend\valuator-studio\components\ui\tabs.tsx">
        <metrics statements="8" coveredstatements="8" conditionals="0" coveredconditionals="0" methods="0" coveredmethods="0"/>
        <line num="1" count="1" type="stmt"/>
        <line num="2" count="1" type="stmt"/>
        <line num="4" count="1" type="stmt"/>
        <line num="6" count="1" type="stmt"/>
        <line num="21" count="1" type="stmt"/>
        <line num="36" count="1" type="stmt"/>
        <line num="51" count="1" type="stmt"/>
        <line num="53" count="26" type="stmt"/>
      </file>
    </package>
    <package name="lib">
      <metrics statements="4" coveredstatements="4" conditionals="0" coveredconditionals="0" methods="1" coveredmethods="1"/>
      <file name="utils.ts" path="E:\TerraFusion-Valuator-Pro-Studio\frontend\valuator-studio\lib\utils.ts">
        <metrics statements="4" coveredstatements="4" conditionals="0" coveredconditionals="0" methods="1" coveredmethods="1"/>
        <line num="1" count="1" type="stmt"/>
        <line num="2" count="1" type="stmt"/>
        <line num="4" count="247" type="stmt"/>
        <line num="5" count="247" type="stmt"/>
      </file>
    </package>
  </project>
</coverage>
