{"E:\\TerraFusion-Valuator-Pro-Studio\\frontend\\valuator-studio\\app\\layout.tsx": {"path":"E:\\TerraFusion-Valuator-Pro-Studio\\frontend\\valuator-studio\\app\\layout.tsx","statementMap":{"0":{"start":{"line":9,"column":24},"end":{"line":9,"column":35}},"1":{"start":{"line":4,"column":13},"end":{"line":4,"column":21}},"2":{"start":{"line":1,"column":7},"end":{"line":1,"column":null}},"3":{"start":{"line":2,"column":18},"end":{"line":2,"column":null}},"4":{"start":{"line":4,"column":24},"end":{"line":7,"column":null}}},"fnMap":{"0":{"name":"RootLayout","decl":{"start":{"line":9,"column":24},"end":{"line":9,"column":35}},"loc":{"start":{"line":9,"column":78},"end":{"line":54,"column":1}}}},"branchMap":{},"s":{"0":0,"1":0,"2":0,"3":0,"4":0},"f":{"0":0},"b":{}}
,"E:\\TerraFusion-Valuator-Pro-Studio\\frontend\\valuator-studio\\app\\orders\\[id]\\page-with-ai.tsx": {"path":"E:\\TerraFusion-Valuator-Pro-Studio\\frontend\\valuator-studio\\app\\orders\\[id]\\page-with-ai.tsx","statementMap":{"0":{"start":{"line":93,"column":24},"end":{"line":93,"column":34}},"1":{"start":{"line":3,"column":43},"end":{"line":3,"column":null}},"2":{"start":{"line":4,"column":17},"end":{"line":4,"column":null}},"3":{"start":{"line":5,"column":57},"end":{"line":5,"column":null}},"4":{"start":{"line":6,"column":26},"end":{"line":6,"column":null}},"5":{"start":{"line":67,"column":2},"end":{"line":71,"column":null}},"6":{"start":{"line":75,"column":2},"end":{"line":79,"column":null}},"7":{"start":{"line":83,"column":2},"end":{"line":90,"column":null}},"8":{"start":{"line":84,"column":16},"end":{"line":84,"column":null}},"9":{"start":{"line":85,"column":24},"end":{"line":85,"column":null}},"10":{"start":{"line":86,"column":19},"end":{"line":86,"column":null}},"11":{"start":{"line":87,"column":21},"end":{"line":87,"column":null}},"12":{"start":{"line":88,"column":22},"end":{"line":88,"column":null}},"13":{"start":{"line":89,"column":13},"end":{"line":89,"column":null}},"14":{"start":{"line":94,"column":26},"end":{"line":94,"column":null}},"15":{"start":{"line":95,"column":32},"end":{"line":95,"column":null}},"16":{"start":{"line":96,"column":28},"end":{"line":96,"column":null}},"17":{"start":{"line":98,"column":2},"end":{"line":123,"column":null}},"18":{"start":{"line":99,"column":23},"end":{"line":120,"column":null}},"19":{"start":{"line":100,"column":6},"end":{"line":119,"column":null}},"20":{"start":{"line":101,"column":20},"end":{"line":106,"column":null}},"21":{"start":{"line":108,"column":8},"end":{"line":110,"column":null}},"22":{"start":{"line":109,"column":10},"end":{"line":109,"column":null}},"23":{"start":{"line":112,"column":26},"end":{"line":112,"column":null}},"24":{"start":{"line":113,"column":8},"end":{"line":113,"column":null}},"25":{"start":{"line":115,"column":8},"end":{"line":115,"column":null}},"26":{"start":{"line":116,"column":8},"end":{"line":116,"column":null}},"27":{"start":{"line":118,"column":8},"end":{"line":118,"column":null}},"28":{"start":{"line":122,"column":4},"end":{"line":122,"column":null}},"29":{"start":{"line":125,"column":2},"end":{"line":134,"column":null}},"30":{"start":{"line":136,"column":2},"end":{"line":148,"column":null}},"31":{"start":{"line":150,"column":55},"end":{"line":150,"column":null}},"32":{"start":{"line":153,"column":23},"end":{"line":153,"column":null}},"33":{"start":{"line":154,"column":22},"end":{"line":156,"column":null}},"34":{"start":{"line":249,"column":68},"end":{"line":249,"column":81}},"35":{"start":{"line":275,"column":24},"end":{"line":275,"column":42}}},"fnMap":{"0":{"name":"formatCurrency","decl":{"start":{"line":66,"column":9},"end":{"line":66,"column":24}},"loc":{"start":{"line":66,"column":37},"end":{"line":72,"column":null}}},"1":{"name":"formatDate","decl":{"start":{"line":74,"column":9},"end":{"line":74,"column":20}},"loc":{"start":{"line":74,"column":38},"end":{"line":80,"column":null}}},"2":{"name":"getStatusColor","decl":{"start":{"line":82,"column":9},"end":{"line":82,"column":24}},"loc":{"start":{"line":82,"column":38},"end":{"line":91,"column":null}}},"3":{"name":"OrderPage","decl":{"start":{"line":93,"column":24},"end":{"line":93,"column":34}},"loc":{"start":{"line":93,"column":72},"end":{"line":480,"column":null}}},"4":{"name":"(anonymous_9)","decl":{"start":{"line":98,"column":12},"end":{"line":98,"column":null}},"loc":{"start":{"line":98,"column":12},"end":{"line":123,"column":5}}},"5":{"name":"(anonymous_10)","decl":{"start":{"line":99,"column":23},"end":{"line":99,"column":null}},"loc":{"start":{"line":99,"column":23},"end":{"line":120,"column":null}}},"6":{"name":"(anonymous_11)","decl":{"start":{"line":249,"column":63},"end":{"line":249,"column":68}},"loc":{"start":{"line":249,"column":68},"end":{"line":249,"column":81}}},"7":{"name":"(anonymous_12)","decl":{"start":{"line":274,"column":33},"end":{"line":274,"column":34}},"loc":{"start":{"line":275,"column":24},"end":{"line":275,"column":42}}}},"branchMap":{"0":{"loc":{"start":{"line":83,"column":2},"end":{"line":90,"column":null}},"type":"switch","locations":[{"start":{"line":84,"column":4},"end":{"line":84,"column":null}},{"start":{"line":85,"column":4},"end":{"line":85,"column":null}},{"start":{"line":86,"column":4},"end":{"line":86,"column":null}},{"start":{"line":87,"column":4},"end":{"line":87,"column":null}},{"start":{"line":88,"column":4},"end":{"line":88,"column":null}},{"start":{"line":89,"column":4},"end":{"line":89,"column":null}}]},"1":{"loc":{"start":{"line":108,"column":8},"end":{"line":110,"column":null}},"type":"if","locations":[{"start":{"line":108,"column":8},"end":{"line":110,"column":null}}]},"2":{"loc":{"start":{"line":116,"column":17},"end":{"line":116,"column":null}},"type":"cond-expr","locations":[{"start":{"line":116,"column":42},"end":{"line":116,"column":55}},{"start":{"line":116,"column":58},"end":{"line":116,"column":null}}]},"3":{"loc":{"start":{"line":125,"column":2},"end":{"line":134,"column":null}},"type":"if","locations":[{"start":{"line":125,"column":2},"end":{"line":134,"column":null}}]},"4":{"loc":{"start":{"line":136,"column":2},"end":{"line":148,"column":null}},"type":"if","locations":[{"start":{"line":136,"column":2},"end":{"line":148,"column":null}}]},"5":{"loc":{"start":{"line":136,"column":6},"end":{"line":136,"column":22}},"type":"binary-expr","locations":[{"start":{"line":136,"column":6},"end":{"line":136,"column":15}},{"start":{"line":136,"column":15},"end":{"line":136,"column":22}}]},"6":{"loc":{"start":{"line":153,"column":23},"end":{"line":153,"column":null}},"type":"binary-expr","locations":[{"start":{"line":153,"column":23},"end":{"line":153,"column":58}},{"start":{"line":153,"column":58},"end":{"line":153,"column":null}}]},"7":{"loc":{"start":{"line":154,"column":22},"end":{"line":156,"column":null}},"type":"cond-expr","locations":[{"start":{"line":155,"column":6},"end":{"line":155,"column":272}},{"start":{"line":156,"column":6},"end":{"line":156,"column":null}}]},"8":{"loc":{"start":{"line":155,"column":42},"end":{"line":155,"column":112}},"type":"cond-expr","locations":[{"start":{"line":155,"column":72},"end":{"line":155,"column":106}},{"start":{"line":155,"column":109},"end":{"line":155,"column":112}}]},"9":{"loc":{"start":{"line":155,"column":114},"end":{"line":155,"column":186}},"type":"cond-expr","locations":[{"start":{"line":155,"column":145},"end":{"line":155,"column":180}},{"start":{"line":155,"column":183},"end":{"line":155,"column":186}}]},"10":{"loc":{"start":{"line":155,"column":188},"end":{"line":155,"column":271}},"type":"cond-expr","locations":[{"start":{"line":155,"column":225},"end":{"line":155,"column":265}},{"start":{"line":155,"column":268},"end":{"line":155,"column":271}}]},"11":{"loc":{"start":{"line":183,"column":17},"end":{"line":183,"column":31}},"type":"binary-expr","locations":[{"start":{"line":183,"column":17},"end":{"line":183,"column":31}}]},"12":{"loc":{"start":{"line":189,"column":17},"end":{"line":189,"column":35}},"type":"binary-expr","locations":[{"start":{"line":189,"column":17},"end":{"line":189,"column":35}}]},"13":{"loc":{"start":{"line":201,"column":16},"end":{"line":214,"column":17}},"type":"cond-expr","locations":[{"start":{"line":201,"column":16},"end":{"line":214,"column":17}}]},"14":{"loc":{"start":{"line":233,"column":15},"end":{"line":233,"column":null}},"type":"binary-expr","locations":[{"start":{"line":233,"column":15},"end":{"line":233,"column":null}}]},"15":{"loc":{"start":{"line":258,"column":16},"end":{"line":327,"column":17}},"type":"cond-expr","locations":[{"start":{"line":258,"column":16},"end":{"line":327,"column":17}}]},"16":{"loc":{"start":{"line":278,"column":29},"end":{"line":278,"column":38}},"type":"binary-expr","locations":[{"start":{"line":278,"column":29},"end":{"line":278,"column":38}},{"start":{"line":278,"column":42},"end":{"line":278,"column":52}}]},"17":{"loc":{"start":{"line":289,"column":29},"end":{"line":289,"column":null}},"type":"cond-expr","locations":[{"start":{"line":289,"column":59},"end":{"line":289,"column":97}},{"start":{"line":289,"column":100},"end":{"line":289,"column":null}}]},"18":{"loc":{"start":{"line":292,"column":29},"end":{"line":292,"column":null}},"type":"cond-expr","locations":[{"start":{"line":292,"column":53},"end":{"line":292,"column":85}},{"start":{"line":292,"column":88},"end":{"line":292,"column":null}}]},"19":{"loc":{"start":{"line":295,"column":29},"end":{"line":295,"column":null}},"type":"binary-expr","locations":[{"start":{"line":295,"column":29},"end":{"line":295,"column":38}},{"start":{"line":295,"column":42},"end":{"line":295,"column":null}}]},"20":{"loc":{"start":{"line":298,"column":29},"end":{"line":298,"column":null}},"type":"binary-expr","locations":[{"start":{"line":298,"column":29},"end":{"line":298,"column":39}},{"start":{"line":298,"column":43},"end":{"line":298,"column":null}}]},"21":{"loc":{"start":{"line":301,"column":29},"end":{"line":301,"column":null}},"type":"binary-expr","locations":[{"start":{"line":301,"column":29},"end":{"line":301,"column":44}},{"start":{"line":301,"column":48},"end":{"line":301,"column":null}}]},"22":{"loc":{"start":{"line":306,"column":32},"end":{"line":310,"column":33}},"type":"cond-expr","locations":[{"start":{"line":306,"column":32},"end":{"line":310,"column":33}}]},"23":{"loc":{"start":{"line":314,"column":31},"end":{"line":314,"column":47}},"type":"binary-expr","locations":[{"start":{"line":314,"column":31},"end":{"line":314,"column":47}}]},"24":{"loc":{"start":{"line":340,"column":13},"end":{"line":340,"column":33}},"type":"binary-expr","locations":[{"start":{"line":340,"column":13},"end":{"line":340,"column":33}},{"start":{"line":340,"column":33},"end":{"line":340,"column":null}}]},"25":{"loc":{"start":{"line":346,"column":48},"end":{"line":346,"column":78}},"type":"cond-expr","locations":[{"start":{"line":346,"column":69},"end":{"line":346,"column":75}},{"start":{"line":346,"column":75},"end":{"line":346,"column":78}}]},"26":{"loc":{"start":{"line":357,"column":13},"end":{"line":357,"column":null}},"type":"binary-expr","locations":[{"start":{"line":357,"column":13},"end":{"line":357,"column":null}}]},"27":{"loc":{"start":{"line":386,"column":17},"end":{"line":386,"column":39}},"type":"binary-expr","locations":[{"start":{"line":386,"column":17},"end":{"line":386,"column":39}}]},"28":{"loc":{"start":{"line":400,"column":16},"end":{"line":427,"column":17}},"type":"cond-expr","locations":[{"start":{"line":400,"column":16},"end":{"line":427,"column":17}}]},"29":{"loc":{"start":{"line":407,"column":53},"end":{"line":407,"column":null}},"type":"binary-expr","locations":[{"start":{"line":407,"column":53},"end":{"line":407,"column":84}},{"start":{"line":407,"column":88},"end":{"line":407,"column":null}}]},"30":{"loc":{"start":{"line":411,"column":53},"end":{"line":411,"column":null}},"type":"binary-expr","locations":[{"start":{"line":411,"column":53},"end":{"line":411,"column":80}},{"start":{"line":411,"column":84},"end":{"line":411,"column":null}}]},"31":{"loc":{"start":{"line":415,"column":53},"end":{"line":415,"column":null}},"type":"binary-expr","locations":[{"start":{"line":415,"column":53},"end":{"line":415,"column":81}},{"start":{"line":415,"column":85},"end":{"line":415,"column":null}}]},"32":{"loc":{"start":{"line":419,"column":53},"end":{"line":419,"column":null}},"type":"binary-expr","locations":[{"start":{"line":419,"column":53},"end":{"line":419,"column":86}},{"start":{"line":419,"column":90},"end":{"line":419,"column":null}}]},"33":{"loc":{"start":{"line":423,"column":53},"end":{"line":423,"column":null}},"type":"binary-expr","locations":[{"start":{"line":423,"column":53},"end":{"line":423,"column":84}},{"start":{"line":423,"column":88},"end":{"line":423,"column":null}}]},"34":{"loc":{"start":{"line":445,"column":16},"end":{"line":453,"column":17}},"type":"cond-expr","locations":[{"start":{"line":445,"column":16},"end":{"line":453,"column":17}}]}},"s":{"0":0,"1":0,"2":0,"3":0,"4":0,"5":0,"6":0,"7":0,"8":0,"9":0,"10":0,"11":0,"12":0,"13":0,"14":0,"15":0,"16":0,"17":0,"18":0,"19":0,"20":0,"21":0,"22":0,"23":0,"24":0,"25":0,"26":0,"27":0,"28":0,"29":0,"30":0,"31":0,"32":0,"33":0,"34":0,"35":0},"f":{"0":0,"1":0,"2":0,"3":0,"4":0,"5":0,"6":0,"7":0},"b":{"0":[0,0,0,0,0,0],"1":[0],"2":[0,0],"3":[0],"4":[0],"5":[0,0],"6":[0,0],"7":[0,0],"8":[0,0],"9":[0,0],"10":[0,0],"11":[0],"12":[0],"13":[0],"14":[0],"15":[0],"16":[0,0],"17":[0,0],"18":[0,0],"19":[0,0],"20":[0,0],"21":[0,0],"22":[0],"23":[0],"24":[0,0],"25":[0,0],"26":[0],"27":[0],"28":[0],"29":[0,0],"30":[0,0],"31":[0,0],"32":[0,0],"33":[0,0],"34":[0]}}
,"E:\\TerraFusion-Valuator-Pro-Studio\\frontend\\valuator-studio\\components\\AiIntegration.tsx": {"path":"E:\\TerraFusion-Valuator-Pro-Studio\\frontend\\valuator-studio\\components\\AiIntegration.tsx","statementMap":{"0":{"start":{"line":66,"column":24},"end":{"line":66,"column":38}},"1":{"start":{"line":3,"column":43},"end":{"line":3,"column":null}},"2":{"start":{"line":4,"column":23},"end":{"line":4,"column":null}},"3":{"start":{"line":5,"column":74},"end":{"line":5,"column":null}},"4":{"start":{"line":6,"column":22},"end":{"line":6,"column":null}},"5":{"start":{"line":7,"column":25},"end":{"line":7,"column":null}},"6":{"start":{"line":8,"column":57},"end":{"line":8,"column":null}},"7":{"start":{"line":23,"column":7},"end":{"line":23,"column":null}},"8":{"start":{"line":67,"column":46},"end":{"line":67,"column":null}},"9":{"start":{"line":68,"column":50},"end":{"line":68,"column":null}},"10":{"start":{"line":69,"column":40},"end":{"line":69,"column":null}},"11":{"start":{"line":70,"column":52},"end":{"line":70,"column":null}},"12":{"start":{"line":71,"column":36},"end":{"line":71,"column":null}},"13":{"start":{"line":72,"column":28},"end":{"line":72,"column":null}},"14":{"start":{"line":74,"column":2},"end":{"line":81,"column":null}},"15":{"start":{"line":75,"column":4},"end":{"line":75,"column":null}},"16":{"start":{"line":77,"column":21},"end":{"line":77,"column":null}},"17":{"start":{"line":78,"column":4},"end":{"line":80,"column":null}},"18":{"start":{"line":79,"column":6},"end":{"line":79,"column":null}},"19":{"start":{"line":79,"column":20},"end":{"line":79,"column":null}},"20":{"start":{"line":83,"column":26},"end":{"line":93,"column":null}},"21":{"start":{"line":84,"column":4},"end":{"line":92,"column":null}},"22":{"start":{"line":85,"column":23},"end":{"line":85,"column":null}},"23":{"start":{"line":86,"column":6},"end":{"line":89,"column":null}},"24":{"start":{"line":87,"column":23},"end":{"line":87,"column":null}},"25":{"start":{"line":88,"column":8},"end":{"line":88,"column":null}},"26":{"start":{"line":91,"column":6},"end":{"line":91,"column":null}},"27":{"start":{"line":95,"column":26},"end":{"line":122,"column":null}},"28":{"start":{"line":96,"column":4},"end":{"line":96,"column":null}},"29":{"start":{"line":97,"column":4},"end":{"line":97,"column":null}},"30":{"start":{"line":99,"column":4},"end":{"line":121,"column":null}},"31":{"start":{"line":100,"column":23},"end":{"line":108,"column":null}},"32":{"start":{"line":110,"column":6},"end":{"line":112,"column":null}},"33":{"start":{"line":111,"column":8},"end":{"line":111,"column":null}},"34":{"start":{"line":114,"column":23},"end":{"line":114,"column":null}},"35":{"start":{"line":115,"column":6},"end":{"line":115,"column":null}},"36":{"start":{"line":118,"column":6},"end":{"line":118,"column":null}},"37":{"start":{"line":120,"column":6},"end":{"line":120,"column":null}},"38":{"start":{"line":124,"column":32},"end":{"line":141,"column":null}},"39":{"start":{"line":125,"column":4},"end":{"line":125,"column":null}},"40":{"start":{"line":125,"column":25},"end":{"line":125,"column":null}},"41":{"start":{"line":127,"column":4},"end":{"line":140,"column":null}},"42":{"start":{"line":128,"column":23},"end":{"line":128,"column":null}},"43":{"start":{"line":129,"column":6},"end":{"line":137,"column":null}},"44":{"start":{"line":130,"column":25},"end":{"line":130,"column":null}},"45":{"start":{"line":131,"column":8},"end":{"line":131,"column":null}},"46":{"start":{"line":134,"column":8},"end":{"line":136,"column":null}},"47":{"start":{"line":135,"column":10},"end":{"line":135,"column":null}},"48":{"start":{"line":135,"column":36},"end":{"line":135,"column":null}},"49":{"start":{"line":139,"column":6},"end":{"line":139,"column":null}},"50":{"start":{"line":143,"column":30},"end":{"line":157,"column":null}},"51":{"start":{"line":144,"column":4},"end":{"line":144,"column":null}},"52":{"start":{"line":144,"column":25},"end":{"line":144,"column":null}},"53":{"start":{"line":146,"column":4},"end":{"line":156,"column":null}},"54":{"start":{"line":147,"column":23},"end":{"line":149,"column":null}},"55":{"start":{"line":151,"column":6},"end":{"line":153,"column":null}},"56":{"start":{"line":152,"column":8},"end":{"line":152,"column":null}},"57":{"start":{"line":155,"column":6},"end":{"line":155,"column":null}},"58":{"start":{"line":159,"column":28},"end":{"line":187,"column":null}},"59":{"start":{"line":160,"column":4},"end":{"line":160,"column":null}},"60":{"start":{"line":161,"column":4},"end":{"line":161,"column":null}},"61":{"start":{"line":163,"column":4},"end":{"line":186,"column":null}},"62":{"start":{"line":164,"column":23},"end":{"line":173,"column":null}},"63":{"start":{"line":175,"column":6},"end":{"line":177,"column":null}},"64":{"start":{"line":176,"column":8},"end":{"line":176,"column":null}},"65":{"start":{"line":179,"column":22},"end":{"line":179,"column":null}},"66":{"start":{"line":180,"column":6},"end":{"line":180,"column":null}},"67":{"start":{"line":183,"column":6},"end":{"line":183,"column":null}},"68":{"start":{"line":185,"column":6},"end":{"line":185,"column":null}},"69":{"start":{"line":189,"column":28},"end":{"line":217,"column":null}},"70":{"start":{"line":190,"column":4},"end":{"line":190,"column":null}},"71":{"start":{"line":191,"column":4},"end":{"line":191,"column":null}},"72":{"start":{"line":193,"column":4},"end":{"line":216,"column":null}},"73":{"start":{"line":194,"column":23},"end":{"line":203,"column":null}},"74":{"start":{"line":205,"column":6},"end":{"line":207,"column":null}},"75":{"start":{"line":206,"column":8},"end":{"line":206,"column":null}},"76":{"start":{"line":209,"column":22},"end":{"line":209,"column":null}},"77":{"start":{"line":210,"column":6},"end":{"line":210,"column":null}},"78":{"start":{"line":213,"column":6},"end":{"line":213,"column":null}},"79":{"start":{"line":215,"column":6},"end":{"line":215,"column":null}},"80":{"start":{"line":219,"column":31},"end":{"line":246,"column":null}},"81":{"start":{"line":220,"column":4},"end":{"line":220,"column":null}},"82":{"start":{"line":221,"column":4},"end":{"line":221,"column":null}},"83":{"start":{"line":223,"column":4},"end":{"line":245,"column":null}},"84":{"start":{"line":224,"column":23},"end":{"line":232,"column":null}},"85":{"start":{"line":234,"column":6},"end":{"line":236,"column":null}},"86":{"start":{"line":235,"column":8},"end":{"line":235,"column":null}},"87":{"start":{"line":238,"column":22},"end":{"line":238,"column":null}},"88":{"start":{"line":239,"column":6},"end":{"line":239,"column":null}},"89":{"start":{"line":242,"column":6},"end":{"line":242,"column":null}},"90":{"start":{"line":244,"column":6},"end":{"line":244,"column":null}},"91":{"start":{"line":248,"column":24},"end":{"line":256,"column":null}},"92":{"start":{"line":249,"column":4},"end":{"line":255,"column":null}},"93":{"start":{"line":274,"column":14},"end":{"line":274,"column":34}},"94":{"start":{"line":358,"column":37},"end":{"line":358,"column":null}},"95":{"start":{"line":368,"column":35},"end":{"line":368,"column":null}},"96":{"start":{"line":380,"column":35},"end":{"line":380,"column":null}},"97":{"start":{"line":393,"column":35},"end":{"line":393,"column":null}},"98":{"start":{"line":406,"column":35},"end":{"line":406,"column":null}},"99":{"start":{"line":492,"column":20},"end":{"line":492,"column":37}},"100":{"start":{"line":503,"column":20},"end":{"line":503,"column":37}},"101":{"start":{"line":527,"column":29},"end":{"line":527,"column":null}}},"fnMap":{"0":{"name":"AiIntegration","decl":{"start":{"line":66,"column":24},"end":{"line":66,"column":38}},"loc":{"start":{"line":66,"column":69},"end":{"line":537,"column":null}}},"1":{"name":"(anonymous_5)","decl":{"start":{"line":74,"column":12},"end":{"line":74,"column":null}},"loc":{"start":{"line":74,"column":12},"end":{"line":81,"column":5}}},"2":{"name":"(anonymous_6)","decl":{"start":{"line":78,"column":11},"end":{"line":78,"column":null}},"loc":{"start":{"line":78,"column":11},"end":{"line":80,"column":null}}},"3":{"name":"(anonymous_7)","decl":{"start":{"line":83,"column":26},"end":{"line":83,"column":null}},"loc":{"start":{"line":83,"column":26},"end":{"line":93,"column":null}}},"4":{"name":"(anonymous_8)","decl":{"start":{"line":95,"column":26},"end":{"line":95,"column":33}},"loc":{"start":{"line":95,"column":33},"end":{"line":122,"column":null}}},"5":{"name":"(anonymous_9)","decl":{"start":{"line":124,"column":32},"end":{"line":124,"column":null}},"loc":{"start":{"line":124,"column":32},"end":{"line":141,"column":null}}},"6":{"name":"(anonymous_10)","decl":{"start":{"line":135,"column":28},"end":{"line":135,"column":36}},"loc":{"start":{"line":135,"column":36},"end":{"line":135,"column":null}}},"7":{"name":"(anonymous_11)","decl":{"start":{"line":143,"column":30},"end":{"line":143,"column":null}},"loc":{"start":{"line":143,"column":30},"end":{"line":157,"column":null}}},"8":{"name":"(anonymous_12)","decl":{"start":{"line":159,"column":28},"end":{"line":159,"column":null}},"loc":{"start":{"line":159,"column":28},"end":{"line":187,"column":null}}},"9":{"name":"(anonymous_13)","decl":{"start":{"line":189,"column":28},"end":{"line":189,"column":null}},"loc":{"start":{"line":189,"column":28},"end":{"line":217,"column":null}}},"10":{"name":"(anonymous_14)","decl":{"start":{"line":219,"column":31},"end":{"line":219,"column":null}},"loc":{"start":{"line":219,"column":31},"end":{"line":246,"column":null}}},"11":{"name":"(anonymous_15)","decl":{"start":{"line":248,"column":24},"end":{"line":248,"column":25}},"loc":{"start":{"line":248,"column":25},"end":{"line":256,"column":null}}},"12":{"name":"(anonymous_16)","decl":{"start":{"line":273,"column":29},"end":{"line":273,"column":30}},"loc":{"start":{"line":274,"column":14},"end":{"line":274,"column":34}}},"13":{"name":"(anonymous_17)","decl":{"start":{"line":358,"column":31},"end":{"line":358,"column":37}},"loc":{"start":{"line":358,"column":37},"end":{"line":358,"column":null}}},"14":{"name":"(anonymous_18)","decl":{"start":{"line":368,"column":29},"end":{"line":368,"column":35}},"loc":{"start":{"line":368,"column":35},"end":{"line":368,"column":null}}},"15":{"name":"(anonymous_19)","decl":{"start":{"line":380,"column":29},"end":{"line":380,"column":35}},"loc":{"start":{"line":380,"column":35},"end":{"line":380,"column":null}}},"16":{"name":"(anonymous_20)","decl":{"start":{"line":393,"column":29},"end":{"line":393,"column":35}},"loc":{"start":{"line":393,"column":35},"end":{"line":393,"column":null}}},"17":{"name":"(anonymous_21)","decl":{"start":{"line":406,"column":29},"end":{"line":406,"column":35}},"loc":{"start":{"line":406,"column":35},"end":{"line":406,"column":null}}},"18":{"name":"(anonymous_22)","decl":{"start":{"line":491,"column":53},"end":{"line":491,"column":54}},"loc":{"start":{"line":492,"column":20},"end":{"line":492,"column":37}}},"19":{"name":"(anonymous_23)","decl":{"start":{"line":502,"column":61},"end":{"line":502,"column":62}},"loc":{"start":{"line":503,"column":20},"end":{"line":503,"column":37}}},"20":{"name":"(anonymous_24)","decl":{"start":{"line":527,"column":23},"end":{"line":527,"column":29}},"loc":{"start":{"line":527,"column":29},"end":{"line":527,"column":null}}}},"branchMap":{"0":{"loc":{"start":{"line":77,"column":21},"end":{"line":77,"column":null}},"type":"cond-expr","locations":[{"start":{"line":77,"column":38},"end":{"line":77,"column":81}},{"start":{"line":77,"column":81},"end":{"line":77,"column":null}}]},"1":{"loc":{"start":{"line":79,"column":6},"end":{"line":79,"column":null}},"type":"if","locations":[{"start":{"line":79,"column":6},"end":{"line":79,"column":null}}]},"2":{"loc":{"start":{"line":86,"column":6},"end":{"line":89,"column":null}},"type":"if","locations":[{"start":{"line":86,"column":6},"end":{"line":89,"column":null}}]},"3":{"loc":{"start":{"line":110,"column":6},"end":{"line":112,"column":null}},"type":"if","locations":[{"start":{"line":110,"column":6},"end":{"line":112,"column":null}}]},"4":{"loc":{"start":{"line":118,"column":15},"end":{"line":118,"column":null}},"type":"cond-expr","locations":[{"start":{"line":118,"column":40},"end":{"line":118,"column":53}},{"start":{"line":118,"column":56},"end":{"line":118,"column":null}}]},"5":{"loc":{"start":{"line":125,"column":4},"end":{"line":125,"column":null}},"type":"if","locations":[{"start":{"line":125,"column":4},"end":{"line":125,"column":null}}]},"6":{"loc":{"start":{"line":129,"column":6},"end":{"line":137,"column":null}},"type":"if","locations":[{"start":{"line":129,"column":6},"end":{"line":137,"column":null}}]},"7":{"loc":{"start":{"line":134,"column":8},"end":{"line":136,"column":null}},"type":"if","locations":[{"start":{"line":134,"column":8},"end":{"line":136,"column":null}}]},"8":{"loc":{"start":{"line":135,"column":36},"end":{"line":135,"column":null}},"type":"cond-expr","locations":[{"start":{"line":135,"column":43},"end":{"line":135,"column":78}},{"start":{"line":135,"column":78},"end":{"line":135,"column":null}}]},"9":{"loc":{"start":{"line":144,"column":4},"end":{"line":144,"column":null}},"type":"if","locations":[{"start":{"line":144,"column":4},"end":{"line":144,"column":null}}]},"10":{"loc":{"start":{"line":151,"column":6},"end":{"line":153,"column":null}},"type":"if","locations":[{"start":{"line":151,"column":6},"end":{"line":153,"column":null}}]},"11":{"loc":{"start":{"line":175,"column":6},"end":{"line":177,"column":null}},"type":"if","locations":[{"start":{"line":175,"column":6},"end":{"line":177,"column":null}}]},"12":{"loc":{"start":{"line":183,"column":15},"end":{"line":183,"column":null}},"type":"cond-expr","locations":[{"start":{"line":183,"column":40},"end":{"line":183,"column":53}},{"start":{"line":183,"column":56},"end":{"line":183,"column":null}}]},"13":{"loc":{"start":{"line":205,"column":6},"end":{"line":207,"column":null}},"type":"if","locations":[{"start":{"line":205,"column":6},"end":{"line":207,"column":null}}]},"14":{"loc":{"start":{"line":213,"column":15},"end":{"line":213,"column":null}},"type":"cond-expr","locations":[{"start":{"line":213,"column":40},"end":{"line":213,"column":53}},{"start":{"line":213,"column":56},"end":{"line":213,"column":null}}]},"15":{"loc":{"start":{"line":234,"column":6},"end":{"line":236,"column":null}},"type":"if","locations":[{"start":{"line":234,"column":6},"end":{"line":236,"column":null}}]},"16":{"loc":{"start":{"line":242,"column":15},"end":{"line":242,"column":null}},"type":"cond-expr","locations":[{"start":{"line":242,"column":40},"end":{"line":242,"column":53}},{"start":{"line":242,"column":56},"end":{"line":242,"column":null}}]},"17":{"loc":{"start":{"line":284,"column":32},"end":{"line":284,"column":null}},"type":"cond-expr","locations":[{"start":{"line":284,"column":59},"end":{"line":284,"column":71}},{"start":{"line":284,"column":71},"end":{"line":284,"column":null}}]},"18":{"loc":{"start":{"line":313,"column":16},"end":{"line":366,"column":17}},"type":"cond-expr","locations":[{"start":{"line":313,"column":16},"end":{"line":366,"column":17}}]},"19":{"loc":{"start":{"line":321,"column":36},"end":{"line":321,"column":null}},"type":"cond-expr","locations":[{"start":{"line":321,"column":76},"end":{"line":321,"column":88}},{"start":{"line":321,"column":88},"end":{"line":321,"column":null}}]},"20":{"loc":{"start":{"line":326,"column":19},"end":{"line":326,"column":null}},"type":"binary-expr","locations":[{"start":{"line":326,"column":19},"end":{"line":326,"column":null}}]},"21":{"loc":{"start":{"line":335,"column":25},"end":{"line":335,"column":54}},"type":"binary-expr","locations":[{"start":{"line":335,"column":25},"end":{"line":335,"column":54}}]},"22":{"loc":{"start":{"line":343,"column":21},"end":{"line":343,"column":null}},"type":"binary-expr","locations":[{"start":{"line":343,"column":21},"end":{"line":343,"column":null}}]},"23":{"loc":{"start":{"line":349,"column":21},"end":{"line":349,"column":null}},"type":"binary-expr","locations":[{"start":{"line":349,"column":21},"end":{"line":349,"column":null}}]},"24":{"loc":{"start":{"line":459,"column":7},"end":{"line":459,"column":null}},"type":"binary-expr","locations":[{"start":{"line":459,"column":7},"end":{"line":459,"column":null}}]},"25":{"loc":{"start":{"line":487,"column":13},"end":{"line":487,"column":null}},"type":"binary-expr","locations":[{"start":{"line":487,"column":13},"end":{"line":487,"column":null}}]},"26":{"loc":{"start":{"line":498,"column":13},"end":{"line":498,"column":null}},"type":"binary-expr","locations":[{"start":{"line":498,"column":13},"end":{"line":498,"column":null}}]},"27":{"loc":{"start":{"line":513,"column":7},"end":{"line":513,"column":null}},"type":"binary-expr","locations":[{"start":{"line":513,"column":7},"end":{"line":513,"column":null}}]}},"s":{"0":9,"1":1,"2":1,"3":1,"4":1,"5":1,"6":1,"7":1,"8":29,"9":29,"10":29,"11":29,"12":29,"13":29,"14":29,"15":9,"16":9,"17":9,"18":9,"19":1,"20":29,"21":9,"22":9,"23":8,"24":6,"25":6,"26":3,"27":29,"28":2,"29":2,"30":2,"31":2,"32":2,"33":0,"34":2,"35":2,"36":0,"37":2,"38":29,"39":0,"40":0,"41":0,"42":0,"43":0,"44":0,"45":0,"46":0,"47":0,"48":0,"49":0,"50":29,"51":0,"52":0,"53":0,"54":0,"55":0,"56":0,"57":0,"58":29,"59":0,"60":0,"61":0,"62":0,"63":0,"64":0,"65":0,"66":0,"67":0,"68":0,"69":29,"70":0,"71":0,"72":0,"73":0,"74":0,"75":0,"76":0,"77":0,"78":0,"79":0,"80":29,"81":0,"82":0,"83":0,"84":0,"85":0,"86":0,"87":0,"88":0,"89":0,"90":0,"91":29,"92":2,"93":2,"94":0,"95":2,"96":0,"97":0,"98":0,"99":0,"100":0,"101":0},"f":{"0":29,"1":9,"2":9,"3":9,"4":2,"5":0,"6":0,"7":0,"8":0,"9":0,"10":0,"11":2,"12":2,"13":0,"14":2,"15":0,"16":0,"17":0,"18":0,"19":0,"20":0},"b":{"0":[1,8],"1":[1],"2":[6],"3":[0],"4":[0,0],"5":[0],"6":[0],"7":[0],"8":[0,0],"9":[0],"10":[0],"11":[0],"12":[0,0],"13":[0],"14":[0,0],"15":[0],"16":[0,0],"17":[0,2],"18":[1],"19":[0,1],"20":[1],"21":[0],"22":[1],"23":[1],"24":[13],"25":[0],"26":[0],"27":[13]}}
,"E:\\TerraFusion-Valuator-Pro-Studio\\frontend\\valuator-studio\\components\\ui\\badge.tsx": {"path":"E:\\TerraFusion-Valuator-Pro-Studio\\frontend\\valuator-studio\\components\\ui\\badge.tsx","statementMap":{"0":{"start":{"line":36,"column":9},"end":{"line":36,"column":14}},"1":{"start":{"line":36,"column":16},"end":{"line":36,"column":29}},"2":{"start":{"line":1,"column":23},"end":{"line":1,"column":null}},"3":{"start":{"line":2,"column":39},"end":{"line":2,"column":null}},"4":{"start":{"line":4,"column":19},"end":{"line":4,"column":null}},"5":{"start":{"line":6,"column":22},"end":{"line":23,"column":null}}},"fnMap":{"0":{"name":"Badge","decl":{"start":{"line":30,"column":9},"end":{"line":30,"column":15}},"loc":{"start":{"line":30,"column":59},"end":{"line":34,"column":null}}}},"branchMap":{},"s":{"0":3,"1":0,"2":1,"3":1,"4":1,"5":1},"f":{"0":3},"b":{}}
,"E:\\TerraFusion-Valuator-Pro-Studio\\frontend\\valuator-studio\\components\\ui\\button.tsx": {"path":"E:\\TerraFusion-Valuator-Pro-Studio\\frontend\\valuator-studio\\components\\ui\\button.tsx","statementMap":{"0":{"start":{"line":56,"column":9},"end":{"line":56,"column":15}},"1":{"start":{"line":56,"column":17},"end":{"line":56,"column":31}},"2":{"start":{"line":1,"column":23},"end":{"line":1,"column":null}},"3":{"start":{"line":2,"column":21},"end":{"line":2,"column":null}},"4":{"start":{"line":3,"column":39},"end":{"line":3,"column":null}},"5":{"start":{"line":5,"column":19},"end":{"line":5,"column":null}},"6":{"start":{"line":7,"column":23},"end":{"line":33,"column":null}},"7":{"start":{"line":42,"column":15},"end":{"line":52,"column":null}},"8":{"start":{"line":44,"column":17},"end":{"line":44,"column":null}},"9":{"start":{"line":54,"column":0},"end":{"line":54,"column":null}}},"fnMap":{"0":{"name":"(anonymous_6)","decl":{"start":{"line":43,"column":2},"end":{"line":43,"column":3}},"loc":{"start":{"line":43,"column":60},"end":{"line":52,"column":null}}}},"branchMap":{"0":{"loc":{"start":{"line":43,"column":31},"end":{"line":43,"column":46}},"type":"default-arg","locations":[{"start":{"line":43,"column":41},"end":{"line":43,"column":46}}]},"1":{"loc":{"start":{"line":44,"column":17},"end":{"line":44,"column":null}},"type":"cond-expr","locations":[{"start":{"line":44,"column":27},"end":{"line":44,"column":31}},{"start":{"line":44,"column":34},"end":{"line":44,"column":null}}]}},"s":{"0":88,"1":0,"2":1,"3":1,"4":1,"5":1,"6":1,"7":1,"8":49,"9":1},"f":{"0":49},"b":{"0":[49],"1":[0,49]}}
,"E:\\TerraFusion-Valuator-Pro-Studio\\frontend\\valuator-studio\\components\\ui\\card.tsx": {"path":"E:\\TerraFusion-Valuator-Pro-Studio\\frontend\\valuator-studio\\components\\ui\\card.tsx","statementMap":{"0":{"start":{"line":71,"column":9},"end":{"line":71,"column":13}},"1":{"start":{"line":71,"column":67},"end":{"line":71,"column":78}},"2":{"start":{"line":71,"column":50},"end":{"line":71,"column":65}},"3":{"start":{"line":71,"column":27},"end":{"line":71,"column":37}},"4":{"start":{"line":71,"column":15},"end":{"line":71,"column":25}},"5":{"start":{"line":71,"column":39},"end":{"line":71,"column":48}},"6":{"start":{"line":1,"column":23},"end":{"line":1,"column":null}},"7":{"start":{"line":3,"column":19},"end":{"line":3,"column":null}},"8":{"start":{"line":18,"column":0},"end":{"line":18,"column":null}},"9":{"start":{"line":26,"column":0},"end":{"line":26,"column":null}},"10":{"start":{"line":41,"column":0},"end":{"line":41,"column":null}},"11":{"start":{"line":53,"column":0},"end":{"line":53,"column":null}},"12":{"start":{"line":61,"column":0},"end":{"line":61,"column":null}},"13":{"start":{"line":69,"column":0},"end":{"line":69,"column":null}}},"fnMap":{},"branchMap":{},"s":{"0":42,"1":42,"2":42,"3":0,"4":42,"5":42,"6":1,"7":1,"8":1,"9":1,"10":1,"11":1,"12":1,"13":1},"f":{},"b":{}}
,"E:\\TerraFusion-Valuator-Pro-Studio\\frontend\\valuator-studio\\components\\ui\\progress.tsx": {"path":"E:\\TerraFusion-Valuator-Pro-Studio\\frontend\\valuator-studio\\components\\ui\\progress.tsx","statementMap":{"0":{"start":{"line":27,"column":9},"end":{"line":27,"column":null}},"1":{"start":{"line":1,"column":23},"end":{"line":1,"column":null}},"2":{"start":{"line":3,"column":19},"end":{"line":3,"column":null}},"3":{"start":{"line":25,"column":0},"end":{"line":25,"column":null}}},"fnMap":{},"branchMap":{"0":{"loc":{"start":{"line":21,"column":48},"end":{"line":21,"column":60}},"type":"binary-expr","locations":[{"start":{"line":21,"column":48},"end":{"line":21,"column":57}},{"start":{"line":21,"column":57},"end":{"line":21,"column":60}}]}},"s":{"0":0,"1":1,"2":1,"3":1},"f":{},"b":{"0":[0,0]}}
,"E:\\TerraFusion-Valuator-Pro-Studio\\frontend\\valuator-studio\\components\\ui\\tabs.tsx": {"path":"E:\\TerraFusion-Valuator-Pro-Studio\\frontend\\valuator-studio\\components\\ui\\tabs.tsx","statementMap":{"0":{"start":{"line":53,"column":9},"end":{"line":53,"column":13}},"1":{"start":{"line":53,"column":38},"end":{"line":53,"column":49}},"2":{"start":{"line":53,"column":15},"end":{"line":53,"column":23}},"3":{"start":{"line":53,"column":25},"end":{"line":53,"column":36}},"4":{"start":{"line":1,"column":23},"end":{"line":1,"column":null}},"5":{"start":{"line":2,"column":31},"end":{"line":2,"column":null}},"6":{"start":{"line":4,"column":19},"end":{"line":4,"column":null}},"7":{"start":{"line":6,"column":13},"end":{"line":6,"column":31}},"8":{"start":{"line":21,"column":0},"end":{"line":21,"column":null}},"9":{"start":{"line":36,"column":0},"end":{"line":36,"column":null}},"10":{"start":{"line":51,"column":0},"end":{"line":51,"column":null}}},"fnMap":{},"branchMap":{},"s":{"0":13,"1":26,"2":13,"3":26,"4":1,"5":1,"6":1,"7":1,"8":1,"9":1,"10":1},"f":{},"b":{}}
,"E:\\TerraFusion-Valuator-Pro-Studio\\frontend\\valuator-studio\\lib\\utils.ts": {"path":"E:\\TerraFusion-Valuator-Pro-Studio\\frontend\\valuator-studio\\lib\\utils.ts","statementMap":{"0":{"start":{"line":4,"column":16},"end":{"line":4,"column":19}},"1":{"start":{"line":1,"column":38},"end":{"line":1,"column":null}},"2":{"start":{"line":2,"column":24},"end":{"line":2,"column":null}},"3":{"start":{"line":5,"column":2},"end":{"line":5,"column":null}}},"fnMap":{"0":{"name":"cn","decl":{"start":{"line":4,"column":16},"end":{"line":4,"column":19}},"loc":{"start":{"line":4,"column":42},"end":{"line":6,"column":null}}}},"branchMap":{},"s":{"0":247,"1":1,"2":1,"3":247},"f":{"0":247},"b":{}}
}
