TN:
SF:app\layout.tsx
FN:9,RootLayout
FNF:1
FNH:0
FNDA:0,RootLayout
DA:1,0
DA:2,0
DA:4,0
DA:9,0
LF:4
LH:0
BRF:0
BRH:0
end_of_record
TN:
SF:app\orders\[id]\page-with-ai.tsx
FN:66,formatCurrency
FN:74,formatDate
FN:82,getStatusColor
FN:93,OrderPage
FN:98,(anonymous_9)
FN:99,(anonymous_10)
FN:249,(anonymous_11)
FN:274,(anonymous_12)
FNF:8
FNH:0
FNDA:0,formatCurrency
FNDA:0,formatDate
FNDA:0,getStatusColor
FNDA:0,OrderPage
FNDA:0,(anonymous_9)
FNDA:0,(anonymous_10)
FNDA:0,(anonymous_11)
FNDA:0,(anonymous_12)
DA:3,0
DA:4,0
DA:5,0
DA:6,0
DA:67,0
DA:75,0
DA:83,0
DA:84,0
DA:85,0
DA:86,0
DA:87,0
DA:88,0
DA:89,0
DA:93,0
DA:94,0
DA:95,0
DA:96,0
DA:98,0
DA:99,0
DA:100,0
DA:101,0
DA:108,0
DA:109,0
DA:112,0
DA:113,0
DA:115,0
DA:116,0
DA:118,0
DA:122,0
DA:125,0
DA:136,0
DA:150,0
DA:153,0
DA:154,0
DA:249,0
DA:275,0
LF:36
LH:0
BRDA:83,0,0,0
BRDA:83,0,1,0
BRDA:83,0,2,0
BRDA:83,0,3,0
BRDA:83,0,4,0
BRDA:83,0,5,0
BRDA:108,1,0,0
BRDA:116,2,0,0
BRDA:116,2,1,0
BRDA:125,3,0,0
BRDA:136,4,0,0
BRDA:136,5,0,0
BRDA:136,5,1,0
BRDA:153,6,0,0
BRDA:153,6,1,0
BRDA:154,7,0,0
BRDA:154,7,1,0
BRDA:155,8,0,0
BRDA:155,8,1,0
BRDA:155,9,0,0
BRDA:155,9,1,0
BRDA:155,10,0,0
BRDA:155,10,1,0
BRDA:183,11,0,0
BRDA:189,12,0,0
BRDA:201,13,0,0
BRDA:233,14,0,0
BRDA:258,15,0,0
BRDA:278,16,0,0
BRDA:278,16,1,0
BRDA:289,17,0,0
BRDA:289,17,1,0
BRDA:292,18,0,0
BRDA:292,18,1,0
BRDA:295,19,0,0
BRDA:295,19,1,0
BRDA:298,20,0,0
BRDA:298,20,1,0
BRDA:301,21,0,0
BRDA:301,21,1,0
BRDA:306,22,0,0
BRDA:314,23,0,0
BRDA:340,24,0,0
BRDA:340,24,1,0
BRDA:346,25,0,0
BRDA:346,25,1,0
BRDA:357,26,0,0
BRDA:386,27,0,0
BRDA:400,28,0,0
BRDA:407,29,0,0
BRDA:407,29,1,0
BRDA:411,30,0,0
BRDA:411,30,1,0
BRDA:415,31,0,0
BRDA:415,31,1,0
BRDA:419,32,0,0
BRDA:419,32,1,0
BRDA:423,33,0,0
BRDA:423,33,1,0
BRDA:445,34,0,0
BRF:60
BRH:0
end_of_record
TN:
SF:components\AiIntegration.tsx
FN:66,AiIntegration
FN:74,(anonymous_5)
FN:78,(anonymous_6)
FN:83,(anonymous_7)
FN:95,(anonymous_8)
FN:124,(anonymous_9)
FN:135,(anonymous_10)
FN:143,(anonymous_11)
FN:159,(anonymous_12)
FN:189,(anonymous_13)
FN:219,(anonymous_14)
FN:248,(anonymous_15)
FN:273,(anonymous_16)
FN:358,(anonymous_17)
FN:368,(anonymous_18)
FN:380,(anonymous_19)
FN:393,(anonymous_20)
FN:406,(anonymous_21)
FN:491,(anonymous_22)
FN:502,(anonymous_23)
FN:527,(anonymous_24)
FNF:21
FNH:8
FNDA:29,AiIntegration
FNDA:9,(anonymous_5)
FNDA:9,(anonymous_6)
FNDA:9,(anonymous_7)
FNDA:2,(anonymous_8)
FNDA:0,(anonymous_9)
FNDA:0,(anonymous_10)
FNDA:0,(anonymous_11)
FNDA:0,(anonymous_12)
FNDA:0,(anonymous_13)
FNDA:0,(anonymous_14)
FNDA:2,(anonymous_15)
FNDA:2,(anonymous_16)
FNDA:0,(anonymous_17)
FNDA:2,(anonymous_18)
FNDA:0,(anonymous_19)
FNDA:0,(anonymous_20)
FNDA:0,(anonymous_21)
FNDA:0,(anonymous_22)
FNDA:0,(anonymous_23)
FNDA:0,(anonymous_24)
DA:3,1
DA:4,1
DA:5,1
DA:6,1
DA:7,1
DA:8,1
DA:23,1
DA:66,9
DA:67,29
DA:68,29
DA:69,29
DA:70,29
DA:71,29
DA:72,29
DA:74,29
DA:75,9
DA:77,9
DA:78,9
DA:79,9
DA:83,29
DA:84,9
DA:85,9
DA:86,8
DA:87,6
DA:88,6
DA:91,3
DA:95,29
DA:96,2
DA:97,2
DA:99,2
DA:100,2
DA:110,2
DA:111,0
DA:114,2
DA:115,2
DA:118,0
DA:120,2
DA:124,29
DA:125,0
DA:127,0
DA:128,0
DA:129,0
DA:130,0
DA:131,0
DA:134,0
DA:135,0
DA:139,0
DA:143,29
DA:144,0
DA:146,0
DA:147,0
DA:151,0
DA:152,0
DA:155,0
DA:159,29
DA:160,0
DA:161,0
DA:163,0
DA:164,0
DA:175,0
DA:176,0
DA:179,0
DA:180,0
DA:183,0
DA:185,0
DA:189,29
DA:190,0
DA:191,0
DA:193,0
DA:194,0
DA:205,0
DA:206,0
DA:209,0
DA:210,0
DA:213,0
DA:215,0
DA:219,29
DA:220,0
DA:221,0
DA:223,0
DA:224,0
DA:234,0
DA:235,0
DA:238,0
DA:239,0
DA:242,0
DA:244,0
DA:248,29
DA:249,2
DA:274,2
DA:358,0
DA:368,2
DA:380,0
DA:393,0
DA:406,0
DA:492,0
DA:503,0
DA:527,0
LF:98
LH:44
BRDA:77,0,0,1
BRDA:77,0,1,8
BRDA:79,1,0,1
BRDA:86,2,0,6
BRDA:110,3,0,0
BRDA:118,4,0,0
BRDA:118,4,1,0
BRDA:125,5,0,0
BRDA:129,6,0,0
BRDA:134,7,0,0
BRDA:135,8,0,0
BRDA:135,8,1,0
BRDA:144,9,0,0
BRDA:151,10,0,0
BRDA:175,11,0,0
BRDA:183,12,0,0
BRDA:183,12,1,0
BRDA:205,13,0,0
BRDA:213,14,0,0
BRDA:213,14,1,0
BRDA:234,15,0,0
BRDA:242,16,0,0
BRDA:242,16,1,0
BRDA:284,17,0,0
BRDA:284,17,1,2
BRDA:313,18,0,1
BRDA:321,19,0,0
BRDA:321,19,1,1
BRDA:326,20,0,1
BRDA:335,21,0,0
BRDA:343,22,0,1
BRDA:349,23,0,1
BRDA:459,24,0,13
BRDA:487,25,0,0
BRDA:498,26,0,0
BRDA:513,27,0,13
BRF:36
BRH:12
end_of_record
TN:
SF:components\ui\badge.tsx
FN:30,Badge
FNF:1
FNH:1
FNDA:3,Badge
DA:1,1
DA:2,1
DA:4,1
DA:6,1
DA:36,3
LF:5
LH:5
BRF:0
BRH:0
end_of_record
TN:
SF:components\ui\button.tsx
FN:43,(anonymous_6)
FNF:1
FNH:1
FNDA:49,(anonymous_6)
DA:1,1
DA:2,1
DA:3,1
DA:5,1
DA:7,1
DA:42,1
DA:44,49
DA:54,1
DA:56,88
LF:9
LH:9
BRDA:43,0,0,49
BRDA:44,1,0,0
BRDA:44,1,1,49
BRF:3
BRH:2
end_of_record
TN:
SF:components\ui\card.tsx
FNF:0
FNH:0
DA:1,1
DA:3,1
DA:18,1
DA:26,1
DA:41,1
DA:53,1
DA:61,1
DA:69,1
DA:71,42
LF:9
LH:9
BRF:0
BRH:0
end_of_record
TN:
SF:components\ui\progress.tsx
FNF:0
FNH:0
DA:1,1
DA:3,1
DA:25,1
DA:27,0
LF:4
LH:3
BRDA:21,0,0,0
BRDA:21,0,1,0
BRF:2
BRH:0
end_of_record
TN:
SF:components\ui\tabs.tsx
FNF:0
FNH:0
DA:1,1
DA:2,1
DA:4,1
DA:6,1
DA:21,1
DA:36,1
DA:51,1
DA:53,26
LF:8
LH:8
BRF:0
BRH:0
end_of_record
TN:
SF:lib\utils.ts
FN:4,cn
FNF:1
FNH:1
FNDA:247,cn
DA:1,1
DA:2,1
DA:4,247
DA:5,247
LF:4
LH:4
BRF:0
BRH:0
end_of_record
